0 info it worked if it ends with ok
1 verbose cli [ 'C:\\Program Files\\nodejs\\node.exe',
1 verbose cli   'C:\\Program Files\\nodejs\\node_modules\\npm\\bin\\npm-cli.js',
1 verbose cli   'run',
1 verbose cli   'dev' ]
2 info using npm@3.10.8
3 info using node@v6.9.0
4 verbose run-script [ 'predev', 'dev', 'postdev' ]
5 info lifecycle dev@1.0.0~predev: dev@1.0.0
6 silly lifecycle dev@1.0.0~predev: no script for predev, continuing
7 info lifecycle dev@1.0.0~dev: dev@1.0.0
8 verbose lifecycle dev@1.0.0~dev: unsafe-perm in lifecycle true
9 verbose lifecycle dev@1.0.0~dev: PATH: C:\Users\yangchunying\AppData\Roaming\nvm\v6.9.0\node_modules\npm\bin\node-gyp-bin;C:\Users\yangchunying\Desktop\request\node_modules\.bin;C:\Program Files\ImageMagick-7.0.1-Q16;C:\Program Files\Docker\Docker\Resources\bin;C:\WINDOWS\system32;C:\WINDOWS;C:\WINDOWS\System32\Wbem;C:\WINDOWS\System32\WindowsPowerShell\v1.0\;D:\wamp64\bin\php\php7.1.0;C:\Program Files (x86)\Git\cmd;D:\Sublime Text 3;C:\ProgramData\ComposerSetup\bin;C:\Users\yangchunying\AppData\Roaming\nvm;C:\Program Files\nodejs;D:\cloc;C:\Users\yangchunying\Desktop\nginx;C:\Program Files\wkhtmltopdf\bin;C:\Users\yangchunying\AppData\Roaming\npm;C:\Users\yangchunying\AppData\Roaming\Composer\vendor\bin;C:\Users\yangchunying\AppData\Local\Microsoft\WindowsApps;C:\Users\yangchunying\AppData\Local\Programs\Fiddler;C:\Program Files\Microsoft VS Code\bin;C:\Users\yangchunying\AppData\Roaming\nvm;C:\Program Files\nodejs;C:\Users\yangchunying\AppData\Local\Microsoft\WindowsApps;
10 verbose lifecycle dev@1.0.0~dev: CWD: C:\Users\yangchunying\Desktop\request
11 silly lifecycle dev@1.0.0~dev: Args: [ '/d /s /c', 'webpack-dev-server --inline --env.dev' ]
12 verbose stack Error: kill ENOSYS
12 verbose stack     at exports._errnoException (util.js:1026:11)
12 verbose stack     at process.kill (internal/process.js:172:13)
12 verbose stack     at process.listener (C:\Users\yangchunying\AppData\Roaming\nvm\v6.9.0\node_modules\npm\node_modules\npmlog\node_modules\gauge\node_modules\signal-exit\index.js:86:15)
12 verbose stack     at emitNone (events.js:91:20)
12 verbose stack     at process.emit (events.js:185:7)
12 verbose stack     at processEmit (C:\Users\yangchunying\AppData\Roaming\nvm\v6.9.0\node_modules\npm\node_modules\npmlog\node_modules\gauge\node_modules\signal-exit\index.js:146:32)
12 verbose stack     at processEmit (C:\Users\yangchunying\AppData\Roaming\nvm\v6.9.0\node_modules\npm\node_modules\npm-registry-client\node_modules\npmlog\node_modules\gauge\node_modules\signal-exit\index.js:146:32)
12 verbose stack     at Signal.wrap.onsignal (internal/process.js:199:44)
13 verbose cwd C:\Users\yangchunying\Desktop\request
14 error Windows_NT 10.0.16299
15 error argv "C:\\Program Files\\nodejs\\node.exe" "C:\\Program Files\\nodejs\\node_modules\\npm\\bin\\npm-cli.js" "run" "dev"
16 error node v6.9.0
17 error npm  v3.10.8
18 error code ENOSYS
19 error errno ENOSYS
20 error syscall kill
21 error kill ENOSYS
22 error If you need help, you may report this error at:
22 error     <https://github.com/npm/npm/issues>
23 verbose exit [ 1, true ]
